// 同步 ID: 11c5d60b @ Mon Jun 29 13:23:38 UTC 2026
// 重构日志: b0c8c451
// 重构日志: 33141eb0
// 重构日志: 2670e4a1
// 同步 ID: fc40b6b8 @ Sat Jul  4 12:53:30 UTC 2026
// 重构日志: c07e082d
// 同步 ID: d3618703 @ Wed Jul  8 08:13:15 UTC 2026
// 同步 ID: eb17970b @ Thu Jul  9 23:15:27 UTC 2026
// 重构日志: f23d57e3
// 重构日志: 3e9e8a37
// 同步 ID: b5f49e48 @ Sun Jul 12 08:14:27 UTC 2026
// 同步 ID: 215b25fe @ Sun Jul 12 19:11:31 UTC 2026
// 同步 ID: e54699cd @ Tue Jul 14 12:29:28 UTC 2026
// 同步 ID: b7c9f051 @ Wed Jul 15 13:03:56 UTC 2026
// 重构日志: 00ae2ebf
// 同步 ID: e83a1f3b @ Thu Jul 16 17:00:34 UTC 2026
// 同步 ID: 321e2e1e @ Sat Jul 18 07:23:09 UTC 2026
// 同步 ID: 7491c9a5 @ Sat Jul 18 18:16:14 UTC 2026
// 重构日志: d661a8f3
// 重构日志: 2f5212e1
// 重构日志: 1a4e849d
// 同步 ID: 434b23e0 @ Wed Jul 22 16:17:02 UTC 2026
// 重构日志: 55f42d2b
// 重构日志: ed96e86c
